RongCloundSDK/imlibcore/build/intermediates/manifest_merge_blame_file/debug/manifest-merger-blame-debug-report.txt
1<?xml version="1.0" encoding="utf-8"?>
2<manifest xmlns:android="http://schemas.android.com/apk/res/android"
3    package="io.rong.libcore" >
4
5    <uses-sdk
6        android:minSdkVersion="19"
6-->RongCloundSDK\imlibcore\AndroidManifest.xml
7        android:targetSdkVersion="31" />
7-->RongCloundSDK\imlibcore\AndroidManifest.xml
8
9    <!-- 保存图片，拍照等 -->
10    <uses-permission android:name="android.permission.WRITE_EXTERNAL_STORAGE" />
10-->RongCloundSDK\imlibcore\AndroidManifest.xml:5:5-81
10-->RongCloundSDK\imlibcore\AndroidManifest.xml:5:22-78
11    <uses-permission android:name="android.permission.READ_EXTERNAL_STORAGE" />
11-->RongCloundSDK\imlibcore\AndroidManifest.xml:6:5-80
11-->RongCloundSDK\imlibcore\AndroidManifest.xml:6:22-77
12    <!-- 网络 -->
13    <uses-permission android:name="android.permission.INTERNET" />
13-->RongCloundSDK\imlibcore\AndroidManifest.xml:8:5-67
13-->RongCloundSDK\imlibcore\AndroidManifest.xml:8:22-64
14    <uses-permission android:name="android.permission.ACCESS_NETWORK_STATE" />
14-->RongCloundSDK\imlibcore\AndroidManifest.xml:9:5-79
14-->RongCloundSDK\imlibcore\AndroidManifest.xml:9:22-76
15    <uses-permission android:name="android.permission.ACCESS_WIFI_STATE" />
15-->RongCloundSDK\imlibcore\AndroidManifest.xml:10:5-76
15-->RongCloundSDK\imlibcore\AndroidManifest.xml:10:22-73
16    <!-- 消息通道保活 -->
17    <uses-permission android:name="android.permission.WAKE_LOCK" />
17-->RongCloundSDK\imlibcore\AndroidManifest.xml:12:5-68
17-->RongCloundSDK\imlibcore\AndroidManifest.xml:12:22-65
18    <!-- 定位，如果您需要定位相关的功能，可以打开以下注释 -->
19    <!-- <uses-permission android:name="android.permission.ACCESS_FINE_LOCATION" /> -->
20
21    <uses-permission android:name="${applicationId}.permission.RONG_ACCESS_RECEIVER" />
21-->RongCloundSDK\imlibcore\AndroidManifest.xml:16:5-88
21-->RongCloundSDK\imlibcore\AndroidManifest.xml:16:22-85
22
23    <!-- 融云自定义接收广播权限，用于广播接收 -->
24    <permission
24-->RongCloundSDK\imlibcore\AndroidManifest.xml:19:5-21:47
25        android:name="${applicationId}.permission.RONG_ACCESS_RECEIVER"
25-->RongCloundSDK\imlibcore\AndroidManifest.xml:20:9-72
26        android:protectionLevel="signature" />
26-->RongCloundSDK\imlibcore\AndroidManifest.xml:21:9-44
27
28    <application>
28-->RongCloundSDK\imlibcore\AndroidManifest.xml:23:5-72:19
29        <service
29-->RongCloundSDK\imlibcore\AndroidManifest.xml:24:9-26:38
30            android:name="io.rong.imlib.ipc.RongService"
30-->RongCloundSDK\imlibcore\AndroidManifest.xml:25:13-57
31            android:process=":ipc" />
31-->RongCloundSDK\imlibcore\AndroidManifest.xml:26:13-35
32
33        <receiver android:name="io.rong.imlib.ConnectChangeReceiver" />
33-->RongCloundSDK\imlibcore\AndroidManifest.xml:28:9-72
33-->RongCloundSDK\imlibcore\AndroidManifest.xml:28:19-69
34        <receiver
34-->RongCloundSDK\imlibcore\AndroidManifest.xml:30:9-32:38
35            android:name="io.rong.imlib.HeartbeatReceiver"
35-->RongCloundSDK\imlibcore\AndroidManifest.xml:31:13-59
36            android:process=":ipc" />
36-->RongCloundSDK\imlibcore\AndroidManifest.xml:32:13-35
37
38        <!-- 必选： SDK 核心功能 -->
39        <service
39-->RongCloundSDK\imlibcore\AndroidManifest.xml:35:9-39:46
40            android:name="io.rong.push.rongpush.PushService"
40-->RongCloundSDK\imlibcore\AndroidManifest.xml:36:13-61
41            android:exported="true"
41-->RongCloundSDK\imlibcore\AndroidManifest.xml:37:13-36
42            android:permission="android.permission.BIND_JOB_SERVICE"
42-->RongCloundSDK\imlibcore\AndroidManifest.xml:38:13-69
43            android:process="io.rong.push" />
43-->RongCloundSDK\imlibcore\AndroidManifest.xml:39:13-43
44
45        <!-- push 相关事件接收器 -->
46        <receiver
46-->RongCloundSDK\imlibcore\AndroidManifest.xml:42:9-58:20
47            android:name="io.rong.push.rongpush.PushReceiver"
47-->RongCloundSDK\imlibcore\AndroidManifest.xml:43:13-62
48            android:exported="true"
48-->RongCloundSDK\imlibcore\AndroidManifest.xml:44:13-36
49            android:process="io.rong.push" > <!-- 此处进程可以改名，名称需要和PushService所在进程统一 -->
49-->RongCloundSDK\imlibcore\AndroidManifest.xml:45:13-43
50            <!-- 心跳事件和网络切换事件监听,必须 -->
51            <intent-filter>
51-->RongCloundSDK\imlibcore\AndroidManifest.xml:47:13-50:29
52                <action android:name="io.rong.push.intent.action.HEART_BEAT" />
52-->RongCloundSDK\imlibcore\AndroidManifest.xml:48:17-80
52-->RongCloundSDK\imlibcore\AndroidManifest.xml:48:25-77
53                <action android:name="android.net.conn.CONNECTIVITY_CHANGE" />
53-->RongCloundSDK\imlibcore\AndroidManifest.xml:49:17-79
53-->RongCloundSDK\imlibcore\AndroidManifest.xml:49:25-76
54            </intent-filter>
55
56            <!-- 部分用户事件监听, 用来提高推送拉活率; 可移除 -->
57            <intent-filter>
57-->RongCloundSDK\imlibcore\AndroidManifest.xml:53:13-57:29
58                <action android:name="android.intent.action.USER_PRESENT" />
58-->RongCloundSDK\imlibcore\AndroidManifest.xml:54:17-77
58-->RongCloundSDK\imlibcore\AndroidManifest.xml:54:25-74
59                <action android:name="android.intent.action.ACTION_POWER_CONNECTED" />
59-->RongCloundSDK\imlibcore\AndroidManifest.xml:55:17-87
59-->RongCloundSDK\imlibcore\AndroidManifest.xml:55:25-84
60                <action android:name="android.intent.action.ACTION_POWER_DISCONNECTED" />
60-->RongCloundSDK\imlibcore\AndroidManifest.xml:56:17-90
60-->RongCloundSDK\imlibcore\AndroidManifest.xml:56:25-87
61            </intent-filter>
62        </receiver>
63
64        <activity
64-->RongCloundSDK\imlibcore\AndroidManifest.xml:60:9-71:20
65            android:name="io.rong.push.notification.RongBridgeActivity"
65-->RongCloundSDK\imlibcore\AndroidManifest.xml:61:13-72
66            android:enabled="true"
66-->RongCloundSDK\imlibcore\AndroidManifest.xml:62:13-35
67            android:exported="true"
67-->RongCloundSDK\imlibcore\AndroidManifest.xml:63:13-36
68            android:launchMode="singleInstance"
68-->RongCloundSDK\imlibcore\AndroidManifest.xml:64:13-48
69            android:theme="@android:style/Theme.Translucent.NoTitleBar" >
69-->RongCloundSDK\imlibcore\AndroidManifest.xml:65:13-72
70            <intent-filter>
70-->RongCloundSDK\imlibcore\AndroidManifest.xml:66:13-70:29
71                <action android:name="android.intent.action.VIEW" />
71-->RongCloundSDK\imlibcore\AndroidManifest.xml:67:17-68
71-->RongCloundSDK\imlibcore\AndroidManifest.xml:67:25-66
72                <action android:name="io.rong.push.notification.RongBridgeActivity" />
72-->RongCloundSDK\imlibcore\AndroidManifest.xml:68:17-86
72-->RongCloundSDK\imlibcore\AndroidManifest.xml:68:25-84
73
74                <category android:name="android.intent.category.DEFAULT" />
74-->RongCloundSDK\imlibcore\AndroidManifest.xml:69:17-76
74-->RongCloundSDK\imlibcore\AndroidManifest.xml:69:27-73
75            </intent-filter>
76        </activity>
77    </application>
78
79</manifest>